Arguments: 
  /usr/bin/node /usr/share/yarn/bin/yarn.js add prisma typescript ts-node @types/node -D

PATH: 
  /home/alice/.zinit/polaris/bin:/home/alice/.local/bin:/usr/local/sbin:/usr/local/bin:/usr/sbin:/usr/bin:/sbin:/bin:/usr/games:/usr/local/games:/snap/bin

Yarn version: 
  1.22.5

Node version: 
  10.19.0

Platform: 
  linux x64

Trace: 
  Error: EACCES: permission denied, unlink '/home/alice/Projects/learning_prisma/node_modules/.bin/prisma'

npm manifest: 
  {
    "name": "learning_prisma",
    "version": "1.0.0",
    "main": "index.js",
    "license": "MIT"
  }

yarn manifest: 
  No manifest

Lockfile: 
  No lockfile
